<?xml version="1.0" encoding="UTF-8"?>
<robot generator="Robot 6.0.2 (Python 3.11.4 on win32)" generated="20240223 15:59:03.953" rpa="false" schemaversion="3">
<suite id="s1" name="Removefromcart" source="C:\Users\Savalas Pillay\PycharmProjects\pythonProject2\tests\removefromcart.robot">
<kw name="Open Magento" library="RemoveFromCartResources" type="SETUP">
<kw name="Open Browser" library="SeleniumLibrary">
<arg>${URL}</arg>
<arg>${BROWSER}</arg>
<doc>Opens a new browser instance to the optional ``url``.</doc>
<msg timestamp="20240223 15:59:04.707" level="INFO">Opening browser 'chrome' to base url 'http://live.techpanda.org/index.php/mobile.html'.</msg>
<status status="PASS" starttime="20240223 15:59:04.706" endtime="20240223 15:59:10.378"/>
</kw>
<kw name="Maximize Browser Window" library="SeleniumLibrary">
<doc>Maximizes current browser window.</doc>
<status status="PASS" starttime="20240223 15:59:10.378" endtime="20240223 15:59:10.509"/>
</kw>
<status status="PASS" starttime="20240223 15:59:04.706" endtime="20240223 15:59:10.509"/>
</kw>
<test id="s1-t1" name="RemoveFromCartTest" line="12">
<kw name="Remove Product From Cart">
<arg>testerqot@gmail.com</arg>
<arg>P@ssword</arg>
<arg>TV</arg>
<arg>Samsung LCD</arg>
<kw name="Click On Account" library="RemoveFromCartResources">
<kw name="Wait Until Element Is Visible" library="SeleniumLibrary">
<arg>${MagentoLogo}</arg>
<doc>Waits until the element ``locator`` is visible.</doc>
<status status="PASS" starttime="20240223 15:59:10.509" endtime="20240223 15:59:10.556"/>
</kw>
<kw name="Click Element" library="SeleniumLibrary">
<arg>${AccountButton}</arg>
<doc>Click the element identified by ``locator``.</doc>
<msg timestamp="20240223 15:59:10.556" level="INFO">Clicking element '//div[@class='account-cart-wrapper']/a[@href='http://live.techpanda.org/index.php/customer/account/']/span[@class='label']'.</msg>
<status status="PASS" starttime="20240223 15:59:10.556" endtime="20240223 15:59:10.615"/>
</kw>
<status status="PASS" starttime="20240223 15:59:10.509" endtime="20240223 15:59:10.616"/>
</kw>
<kw name="Click On Login" library="RemoveFromCartResources">
<kw name="Wait Until Element Is Visible" library="SeleniumLibrary">
<arg>${LoginButton}</arg>
<doc>Waits until the element ``locator`` is visible.</doc>
<status status="PASS" starttime="20240223 15:59:10.616" endtime="20240223 15:59:10.640"/>
</kw>
<kw name="Click Element" library="SeleniumLibrary">
<arg>${LoginButton}</arg>
<doc>Click the element identified by ``locator``.</doc>
<msg timestamp="20240223 15:59:10.641" level="INFO">Clicking element '//a[.='Log In']'.</msg>
<status status="PASS" starttime="20240223 15:59:10.640" endtime="20240223 15:59:11.456"/>
</kw>
<status status="PASS" starttime="20240223 15:59:10.616" endtime="20240223 15:59:11.457"/>
</kw>
<kw name="Validate Log In Page Appears" library="RemoveFromCartResources">
<kw name="Wait Until Element Is Visible" library="SeleniumLibrary">
<arg>${LoginPage}</arg>
<doc>Waits until the element ``locator`` is visible.</doc>
<status status="PASS" starttime="20240223 15:59:11.457" endtime="20240223 15:59:11.475"/>
</kw>
<status status="PASS" starttime="20240223 15:59:11.457" endtime="20240223 15:59:11.475"/>
</kw>
<kw name="Fill Log In Information" library="RemoveFromCartResources">
<arg>${EMAIL}</arg>
<arg>${PASSWORD}</arg>
<kw name="Input Text" library="SeleniumLibrary">
<arg>${EmailLoginTextBox}</arg>
<arg>${EMAIL}</arg>
<doc>Types the given ``text`` into the text field identified by ``locator``.</doc>
<msg timestamp="20240223 15:59:11.475" level="INFO">Typing text 'testerqot@gmail.com' into text field '//input[@id='email']'.</msg>
<status status="PASS" starttime="20240223 15:59:11.475" endtime="20240223 15:59:11.579"/>
</kw>
<kw name="Input Text" library="SeleniumLibrary">
<arg>${PasswordLoginTextBox}</arg>
<arg>${PASSWORD}</arg>
<doc>Types the given ``text`` into the text field identified by ``locator``.</doc>
<msg timestamp="20240223 15:59:11.580" level="INFO">Typing text 'P@ssword' into text field '//input[@id='pass']'.</msg>
<status status="PASS" starttime="20240223 15:59:11.579" endtime="20240223 15:59:11.639"/>
</kw>
<status status="PASS" starttime="20240223 15:59:11.475" endtime="20240223 15:59:11.639"/>
</kw>
<kw name="Click Login Button" library="RemoveFromCartResources">
<kw name="Click Element" library="SeleniumLibrary">
<arg>${LoginPageButton}</arg>
<doc>Click the element identified by ``locator``.</doc>
<msg timestamp="20240223 15:59:11.640" level="INFO">Clicking element '//button[@name='send']'.</msg>
<status status="PASS" starttime="20240223 15:59:11.640" endtime="20240223 15:59:13.096"/>
</kw>
<status status="PASS" starttime="20240223 15:59:11.639" endtime="20240223 15:59:13.096"/>
</kw>
<kw name="Validate My Dashboard Appears" library="RemoveFromCartResources">
<kw name="Wait Until Element Is Visible" library="SeleniumLibrary">
<arg>${MyDashboard}</arg>
<doc>Waits until the element ``locator`` is visible.</doc>
<status status="PASS" starttime="20240223 15:59:13.096" endtime="20240223 15:59:13.110"/>
</kw>
<status status="PASS" starttime="20240223 15:59:13.096" endtime="20240223 15:59:13.110"/>
</kw>
<kw name="Click On Cart" library="RemoveFromCartResources">
<kw name="Wait Until Element Is Visible" library="SeleniumLibrary">
<arg>${Cart}</arg>
<doc>Waits until the element ``locator`` is visible.</doc>
<status status="PASS" starttime="20240223 15:59:13.110" endtime="20240223 15:59:13.141"/>
</kw>
<kw name="Click Element" library="SeleniumLibrary">
<arg>${Cart}</arg>
<doc>Click the element identified by ``locator``.</doc>
<msg timestamp="20240223 15:59:13.141" level="INFO">Clicking element '//div[@class='header-minicart']/a[@href='http://live.techpanda.org/index.php/checkout/cart/']'.</msg>
<status status="PASS" starttime="20240223 15:59:13.141" endtime="20240223 15:59:13.177"/>
</kw>
<status status="PASS" starttime="20240223 15:59:13.110" endtime="20240223 15:59:13.177"/>
</kw>
<kw name="View Shopping Cart" library="RemoveFromCartResources">
<kw name="Wait Until Element Is Visible" library="SeleniumLibrary">
<arg>${ViewShoppingCart}</arg>
<doc>Waits until the element ``locator`` is visible.</doc>
<status status="PASS" starttime="20240223 15:59:13.178" endtime="20240223 15:59:13.194"/>
</kw>
<kw name="Click Element" library="SeleniumLibrary">
<arg>${ViewShoppingCart}</arg>
<doc>Click the element identified by ``locator``.</doc>
<msg timestamp="20240223 15:59:13.195" level="INFO">Clicking element '//a[contains(.,'View Shopping Cart')]'.</msg>
<status status="PASS" starttime="20240223 15:59:13.194" endtime="20240223 15:59:14.633"/>
</kw>
<status status="PASS" starttime="20240223 15:59:13.177" endtime="20240223 15:59:14.634"/>
</kw>
<kw name="Verify Item In Cart" library="RemoveFromCartResources">
<arg>${PRODUCT}</arg>
<kw name="Replace String" library="String">
<var>${SelectProduct}</var>
<arg>${Products}</arg>
<arg>placeHolder</arg>
<arg>${PRODUCT}</arg>
<doc>Replaces ``search_for`` in the given ``string`` with ``replace_with``.</doc>
<msg timestamp="20240223 15:59:14.634" level="INFO">${SelectProduct} = //a[.='Samsung LCD']</msg>
<status status="PASS" starttime="20240223 15:59:14.634" endtime="20240223 15:59:14.634"/>
</kw>
<kw name="Scroll Element Into View" library="SeleniumLibrary">
<arg>${SelectProduct}</arg>
<doc>Scrolls the element identified by ``locator`` into view.</doc>
<msg timestamp="20240223 15:59:14.789" level="INFO" html="true">&lt;/td&gt;&lt;/tr&gt;&lt;tr&gt;&lt;td colspan="3"&gt;&lt;a href="selenium-screenshot-85.png"&gt;&lt;img src="selenium-screenshot-85.png" width="800px"&gt;&lt;/a&gt;</msg>
<msg timestamp="20240223 15:59:14.789" level="FAIL">ElementNotInteractableException: Message: element not interactable: http://live.techpanda.org/index.php/samsung-lcd.html has no size and location
  (Session info: chrome=121.0.6167.187)
Stacktrace:
	GetHandleVerifier [0x00C56E73+174291]
	(No symbol) [0x00B80AC1]
	(No symbol) [0x00896FF6]
	(No symbol) [0x0089AEAC]
	(No symbol) [0x0089C585]
	(No symbol) [0x0089C622]
	(No symbol) [0x008CDDAA]
	(No symbol) [0x008CD674]
	(No symbol) [0x00900C5C]
	(No symbol) [0x008E700C]
	(No symbol) [0x008FA104]
	(No symbol) [0x008E6DA6]
	(No symbol) [0x008C1034]
	(No symbol) [0x008C1F8D]
	GetHandleVerifier [0x00CF49CC+820268]
	sqlite3_dbdata_init [0x00DB4EBE+652494]
	sqlite3_dbdata_init [0x00DB48D9+650985]
	sqlite3_dbdata_init [0x00DA962C+605244]
	sqlite3_dbdata_init [0x00DB586B+654971]
	(No symbol) [0x00B8FEBC]
	(No symbol) [0x00B88428]
	(No symbol) [0x00B8854D]
	(No symbol) [0x00B75858]
	BaseThreadInitThunk [0x751D7BA9+25]
	RtlInitializeExceptionChain [0x772CBD2B+107]
	RtlClearBits [0x772CBCAF+191]
</msg>
<status status="FAIL" starttime="20240223 15:59:14.635" endtime="20240223 15:59:14.789"/>
</kw>
<kw name="Wait Until Element Is Visible" library="SeleniumLibrary">
<arg>${SelectProduct}</arg>
<doc>Waits until the element ``locator`` is visible.</doc>
<status status="NOT RUN" starttime="20240223 15:59:14.789" endtime="20240223 15:59:14.789"/>
</kw>
<status status="FAIL" starttime="20240223 15:59:14.634" endtime="20240223 15:59:14.789"/>
</kw>
<kw name="Remove Item From Cart" library="RemoveFromCartResources">
<status status="NOT RUN" starttime="20240223 15:59:14.789" endtime="20240223 15:59:14.789"/>
</kw>
<status status="FAIL" starttime="20240223 15:59:10.509" endtime="20240223 15:59:14.789"/>
</kw>
<status status="FAIL" starttime="20240223 15:59:10.509" endtime="20240223 15:59:14.789">ElementNotInteractableException: Message: element not interactable: http://live.techpanda.org/index.php/samsung-lcd.html has no size and location
  (Session info: chrome=121.0.6167.187)
Stacktrace:
	GetHandleVerifier [0x00C56E73+174291]
	(No symbol) [0x00B80AC1]
	(No symbol) [0x00896FF6]
	(No symbol) [0x0089AEAC]
	(No symbol) [0x0089C585]
	(No symbol) [0x0089C622]
	(No symbol) [0x008CDDAA]
	(No symbol) [0x008CD674]
	(No symbol) [0x00900C5C]
	(No symbol) [0x008E700C]
	(No symbol) [0x008FA104]
	(No symbol) [0x008E6DA6]
	(No symbol) [0x008C1034]
	(No symbol) [0x008C1F8D]
	GetHandleVerifier [0x00CF49CC+820268]
	sqlite3_dbdata_init [0x00DB4EBE+652494]
	sqlite3_dbdata_init [0x00DB48D9+650985]
	sqlite3_dbdata_init [0x00DA962C+605244]
	sqlite3_dbdata_init [0x00DB586B+654971]
	(No symbol) [0x00B8FEBC]
	(No symbol) [0x00B88428]
	(No symbol) [0x00B8854D]
	(No symbol) [0x00B75858]
	BaseThreadInitThunk [0x751D7BA9+25]
	RtlInitializeExceptionChain [0x772CBD2B+107]
	RtlClearBits [0x772CBCAF+191]
</status>
</test>
<kw name="Close All Browsers" library="SeleniumLibrary" type="TEARDOWN">
<doc>Closes all open browsers and resets the browser cache.</doc>
<status status="PASS" starttime="20240223 15:59:14.805" endtime="20240223 15:59:16.936"/>
</kw>
<status status="FAIL" starttime="20240223 15:59:03.954" endtime="20240223 15:59:16.936"/>
</suite>
<statistics>
<total>
<stat pass="0" fail="1" skip="0">All Tests</stat>
</total>
<tag>
</tag>
<suite>
<stat pass="0" fail="1" skip="0" id="s1" name="Removefromcart">Removefromcart</stat>
</suite>
</statistics>
<errors>
</errors>
</robot>
